

                                 IC Validator 

         Version O-2018.12-SP2-9 for linux64 - Nov 08, 2019 cl#5147677

                    Copyright (c) 1996 - 2019 Synopsys, Inc.
   This software and the associated documentation are proprietary to Synopsys,
 Inc. This software may only be used in accordance with the terms and conditions
 of a written license agreement with Synopsys, Inc. All other use, reproduction,
            or distribution of this software is strictly prohibited.

Called as: icv -f openaccess -i mylibrary -c ringOscillator -oa_view layout -oa_lib_defs /home/tempmaj/kokurita/eecs168/lib.defs -oa_layer_map /usr/local/synopsys/pdk/SAED_PDK90nm/techfiles/saed_pdk90_layer.map -rc /home/tempmaj/kokurita/eecs168/pvjob_mylibrary.ringOscillator.icv.drc/ringOscillator.drc.cdesigner.rc -vue /home/tempmaj/kokurita/eecs168/pvjob_mylibrary.ringOscillator.icv.drc/rules.drc.9m_saed90_icv.drc.rs







Parsing runset "/home/tempmaj/kokurita/eecs168/pvjob_mylibrary.ringOscillator.icv.drc/rules.drc.9m_saed90_icv.drc.rs"

Loaded runset from cache: /home/tempmaj/kokurita/.icvrscache/e8a8dfe2c688010af6d0c1f6b28b6d31-000F9C0F-DEBC-4B3E-AF87-6D6C63224CFD-bender.engr.ucr.edu-177146.rscache
Cached Runset Compile Time=0:00:04 User=3.45 Sys=0.09 Mem=441.020



                                  ICV_Master 

         Version O-2018.12-SP2-9 for linux64 - Nov 08, 2019 cl#5147677

                    Copyright (c) 1996 - 2019 Synopsys, Inc.
   This software and the associated documentation are proprietary to Synopsys,
 Inc. This software may only be used in accordance with the terms and conditions
 of a written license agreement with Synopsys, Inc. All other use, reproduction,
            or distribution of this software is strictly prohibited.


Called as: icv -f openaccess -i mylibrary -c ringOscillator -oa_view layout -oa_lib_defs /home/tempmaj/kokurita/eecs168/lib.defs -oa_layer_map /usr/local/synopsys/pdk/SAED_PDK90nm/techfiles/saed_pdk90_layer.map -rc /home/tempmaj/kokurita/eecs168/pvjob_mylibrary.ringOscillator.icv.drc/ringOscillator.drc.cdesigner.rc -vue /home/tempmaj/kokurita/eecs168/pvjob_mylibrary.ringOscillator.icv.drc/rules.drc.9m_saed90_icv.drc.rs
 
Virtual Machine Init Time=0:00:00 User=0.01 Sys=0.00 Mem=441.020


Checked out necessary DP licenses.
Host startup done: 2 successes, 0 failures.
	bender.engr.ucr.edu: 2 total cores, maximum 2 commands in parallel.
Selecting "bender.engr.ucr.edu" as Primary host

System Startup Time=0:00:00 User=0.01 Sys=0.03 Mem=441.020


Command execution begins.  Details recorded in the summary and log files:
    /home/tempmaj/kokurita/eecs168/pvjob_mylibrary.ringOscillator.icv.drc/run_details/ringOscillator.sum
    /home/tempmaj/kokurita/eecs168/pvjob_mylibrary.ringOscillator.icv.drc/run_details/rules.drc.9m_saed90_icv.drc.dp.log

Running ...
  ICV_Engine run is   1% complete.    Elapsed Time=0:00:00
  ICV_Engine run is   2% complete.    Elapsed Time=0:00:01
  ICV_Engine run is   3% complete.    Elapsed Time=0:00:01
  ICV_Engine run is   4% complete.    Elapsed Time=0:00:01
  ICV_Engine run is   5% complete.    Elapsed Time=0:00:01
  ICV_Engine run is  10% complete.    Elapsed Time=0:00:01
  ICV_Engine run is  15% complete.    Elapsed Time=0:00:01
  ICV_Engine run is  20% complete.    Elapsed Time=0:00:01
  ICV_Engine run is  25% complete.    Elapsed Time=0:00:01
  ICV_Engine run is  30% complete.    Elapsed Time=0:00:01
  ICV_Engine run is  35% complete.    Elapsed Time=0:00:01
  ICV_Engine run is  40% complete.    Elapsed Time=0:00:01
  ICV_Engine run is  45% complete.    Elapsed Time=0:00:01
  ICV_Engine run is  50% complete.    Elapsed Time=0:00:02
  ICV_Engine run is  55% complete.    Elapsed Time=0:00:02
  ICV_Engine run is  60% complete.    Elapsed Time=0:00:02
  ICV_Engine run is  65% complete.    Elapsed Time=0:00:02
  ICV_Engine run is  70% complete.    Elapsed Time=0:00:02
  ICV_Engine run is  75% complete.    Elapsed Time=0:00:02
  ICV_Engine run is  80% complete.    Elapsed Time=0:00:02
  ICV_Engine run is  85% complete.    Elapsed Time=0:00:02
  ICV_Engine run is  90% complete.    Elapsed Time=0:00:02
  ICV_Engine run is  95% complete.    Elapsed Time=0:00:02
  ICV_Engine run is 100% complete.    Elapsed Time=0:00:03

Completing error storage...
  Overall error storage time: None

Generating ringOscillator.LAYOUT_ERRORS...
  Generation Time=0:00:00  User=0.00 Sys=0.00 Mem=0.502

   Check Time=0:00:00  User=0.00 Sys=0.00 Mem=3.140

-------------

IC Validator Run: Time=0:00:07

IC Validator Machine Memory Report
bender.engr.ucr.edu : Average = 7.75(Mb), Peak = 146(Mb)

Overall Disk Usage Disk=5.336
Overall engine Time=0:00:07 Highest command Mem=146.975 

Overall Master Mem=614.246
IC Validator is done.
