
                                  PYDB_Server 

         Version O-2018.12-SP2-9 for linux64 - Nov 08, 2019 cl#5147677

                    Copyright (c) 2007 - 2019 Synopsys, Inc.
   This software and the associated documentation are proprietary to Synopsys,
 Inc. This software may only be used in accordance with the terms and conditions
 of a written license agreement with Synopsys, Inc. All other use, reproduction,
            or distribution of this software is strictly prohibited.

variable width coordinate support enabled.
Removing old database /home/tempmaj/kokurita/eecs168/pvjob_mylibrary.ringOscillator.icv.lvs/TOPCELLNAME_err/PYDB_ringOscillator
Listening for connections on port 8609
PYDB_Server Started on host bender.engr.ucr.edu, Thu 02/06/2020 11:05:48
Client bender.engr.ucr.edu(33123):12 connected (1 total client)
Verified current licenses.
SQLite page_size=65536
SQLite cache_size=65536
SQLite mmap_size=0
SQLite journal_mode=OFF
SQLite version 3.10.0
Client bender.engr.ucr.edu(33242):20 connected (2 total clients)
Client bender.engr.ucr.edu(33252):21 connected (3 total clients)
Client bender.engr.ucr.edu(33252):21 connection closed
Client bender.engr.ucr.edu(33252):21 disconnected (2 clients remain)
Client bender.engr.ucr.edu(33252):21 connected (3 total clients)
Client bender.engr.ucr.edu(33252):21 connection closed
Client bender.engr.ucr.edu(33252):21 disconnected (2 clients remain)
Client bender.engr.ucr.edu(33242):20 connection closed
Client bender.engr.ucr.edu(33242):20 disconnected (1 client remains)
Generating /home/tempmaj/kokurita/eecs168/pvjob_mylibrary.ringOscillator.icv.lvs/ringOscillator.LAYOUT_ERRORS
  Generation Time=0:00:00  User=0.00 Sys=0.00 Mem=0.518
Shutdown requested by client bender.engr.ucr.edu(33123):12
0 clients remain connected
Client bender.engr.ucr.edu(33123):12 connection closed
Overall server Time=0:00:05  User=0.02 Sys=0.03 Mem=0.518 SQLite=6.528 Unpooled=0.000

                                  PYDB_Server 

         Version O-2018.12-SP2-9 for linux64 - Nov 08, 2019 cl#5147677

                    Copyright (c) 2007 - 2019 Synopsys, Inc.
   This software and the associated documentation are proprietary to Synopsys,
 Inc. This software may only be used in accordance with the terms and conditions
 of a written license agreement with Synopsys, Inc. All other use, reproduction,
            or distribution of this software is strictly prohibited.

variable width coordinate support enabled.
Listening for connections on port 8546
PYDB_Server Started on host bender.engr.ucr.edu, Thu 02/06/2020 11:05:55
Client bender.engr.ucr.edu(27967):6 connected (1 total client)
Verified current licenses.
SQLite page_size=65536
SQLite cache_size=65536
SQLite mmap_size=0
SQLite journal_mode=OFF
SQLite version 3.10.0
Client bender.engr.ucr.edu(33474):17 connected (2 total clients)
Client bender.engr.ucr.edu(33474):17 connection closed
Client bender.engr.ucr.edu(33474):17 disconnected (1 client remains)
Shutdown requested by client bender.engr.ucr.edu(27967):6
0 clients remain connected
Client bender.engr.ucr.edu(27967):6 connection closed
Overall server Time=0:04:48  User=0.01 Sys=0.02 Mem=0.392 SQLite=6.465 Unpooled=0.000
